<?xml version="1.0" encoding="UTF-8"?>
<!-- Generated by org.testng.reporters.JUnitXMLReporter -->
<testsuite ignored="0" hostname="LAPTOP-MC4R20CB" failures="0" tests="2" name="Default test" time="4.731" errors="0" timestamp="2023-09-11T17:41:16 IST">
  <testcase classname="com.ripplestreet.AllGetApis.DiscussionControllerGetApi" name="getDiscussionListByFilters" time="1.53"/>
  <testcase classname="com.ripplestreet.AllGetApis.DiscussionControllerGetApi" name="getDiscussion" time="1.506"/>
</testsuite> <!-- Default test -->
