<?xml version="1.0" encoding="UTF-8"?>
<!-- Generated by org.testng.reporters.JUnitXMLReporter -->
<testsuite ignored="5" hostname="LAPTOP-MC4R20CB" failures="0" tests="1" name="Default test" time="2.167" errors="0" timestamp="2023-09-13T12:16:41 IST">
  <testcase classname="com.ripplestreet.AllGetApis.UgcControllerGetApi" name="getUserAsset" time="1.184"/>
  <testcase classname="com.ripplestreet.AllGetApis.UgcControllerGetApi" name="downloadAssetByURL" time="0.0">
    <ignored/>
  </testcase> <!-- downloadAssetByURL -->
  <testcase classname="com.ripplestreet.AllGetApis.UgcControllerGetApi" name="getUgcDetailsById" time="0.0">
    <ignored/>
  </testcase> <!-- getUgcDetailsById -->
  <testcase classname="com.ripplestreet.AllGetApis.UgcControllerGetApi" name="getImageRecognitionResponse" time="0.0">
    <ignored/>
  </testcase> <!-- getImageRecognitionResponse -->
  <testcase classname="com.ripplestreet.AllGetApis.UgcControllerGetApi" name="downloadAsset" time="0.0">
    <ignored/>
  </testcase> <!-- downloadAsset -->
  <testcase classname="com.ripplestreet.AllGetApis.UgcControllerGetApi" name="getUgcDetailsByTaskId" time="0.0">
    <ignored/>
  </testcase> <!-- getUgcDetailsByTaskId -->
</testsuite> <!-- Default test -->
