<?xml version="1.0" encoding="UTF-8"?>
<testng-results ignored="0" total="1" passed="1" failed="0" skipped="0">
  <reporter-output>
  </reporter-output>
  <suite started-at="2023-09-15T17:54:03 IST" name="Default suite" finished-at="2023-09-15T17:54:06 IST" duration-ms="3333">
    <groups>
      <group name="event">
        <method signature="EventControllerGetApi.getFilteredEvents()[pri:189, instance:com.ripplestreet.AllGetApis.EventControllerGetApi@61c4eee0]" name="getFilteredEvents" class="com.ripplestreet.AllGetApis.EventControllerGetApi"/>
      </group> <!-- event -->
    </groups>
    <test started-at="2023-09-15T17:54:03 IST" name="Default test" finished-at="2023-09-15T17:54:06 IST" duration-ms="3333">
      <class name="com.ripplestreet.AllGetApis.EventControllerGetApi">
        <test-method is-config="true" signature="authToken()[pri:0, instance:com.ripplestreet.AllGetApis.EventControllerGetApi@61c4eee0]" started-at="2023-09-15T17:54:00 IST" name="authToken" finished-at="2023-09-15T17:54:03 IST" duration-ms="3348" status="PASS">
          <reporter-output>
          </reporter-output>
        </test-method> <!-- authToken -->
        <test-method is-config="true" signature="BaseURI()[pri:0, instance:com.ripplestreet.AllGetApis.EventControllerGetApi@61c4eee0]" started-at="2023-09-15T17:54:03 IST" name="BaseURI" finished-at="2023-09-15T17:54:03 IST" duration-ms="0" status="PASS">
          <reporter-output>
          </reporter-output>
        </test-method> <!-- BaseURI -->
        <test-method signature="getFilteredEvents()[pri:189, instance:com.ripplestreet.AllGetApis.EventControllerGetApi@61c4eee0]" started-at="2023-09-15T17:54:03 IST" name="getFilteredEvents" finished-at="2023-09-15T17:54:05 IST" duration-ms="1644" status="PASS">
          <reporter-output>
          </reporter-output>
        </test-method> <!-- getFilteredEvents -->
        <test-method is-config="true" signature="StatusCode()[pri:0, instance:com.ripplestreet.AllGetApis.EventControllerGetApi@61c4eee0]" started-at="2023-09-15T17:54:05 IST" name="StatusCode" finished-at="2023-09-15T17:54:06 IST" duration-ms="1630" status="PASS">
          <reporter-output>
          </reporter-output>
        </test-method> <!-- StatusCode -->
      </class> <!-- com.ripplestreet.AllGetApis.EventControllerGetApi -->
    </test> <!-- Default test -->
  </suite> <!-- Default suite -->
</testng-results>
